<?xml version="1.0" encoding="UTF-8"?>
<!-- Generated by org.testng.reporters.JUnitXMLReporter -->
<testsuite hostname="DELL-PC" name="Chrome" tests="7" failures="0" timestamp="18 Dec 2016 08:00:18 GMT" time="83.377" errors="0">
  <testcase name="valid_Login" time="1.652" classname="Testscript.script_Login"/>
  <testcase name="invalid_Login" time="1.163" classname="Testscript.script_Login"/>
  <testcase name="invalid_Login" time="2.05" classname="Testscript.script_Login"/>
  <testcase name="invalid_Login" time="2.008" classname="Testscript.script_Login"/>
  <testcase name="invalid_Login" time="1.3" classname="Testscript.script_Login"/>
  <testcase name="ValidSearch" time="3.659" classname="Testscript.script_Search"/>
  <testcase name="Invalid_Search" time="12.857" classname="Testscript.script_Search"/>
</testsuite> <!-- Chrome -->
