<?xml version="1.0" encoding="UTF-8"?>
<!-- Generated by org.testng.reporters.JUnitXMLReporter -->
<testsuite hostname="DELL-PC" name="Firefox" tests="7" failures="0" timestamp="18 Dec 2016 08:00:40 GMT" time="105.142" errors="0">
  <testcase name="valid_Login" time="3.902" classname="Testscript.script_Login"/>
  <testcase name="invalid_Login" time="3.084" classname="Testscript.script_Login"/>
  <testcase name="invalid_Login" time="2.737" classname="Testscript.script_Login"/>
  <testcase name="invalid_Login" time="1.446" classname="Testscript.script_Login"/>
  <testcase name="invalid_Login" time="1.36" classname="Testscript.script_Login"/>
  <testcase name="ValidSearch" time="5.737" classname="Testscript.script_Search"/>
  <testcase name="Invalid_Search" time="16.202" classname="Testscript.script_Search"/>
</testsuite> <!-- Firefox -->
