<?xml version="1.0" encoding="UTF-8"?>
<testng-results skipped="0" failed="0" total="2" passed="2">
  <reporter-output>
  </reporter-output>
  <suite name="Suite" duration-ms="87716" started-at="2017-02-02T18:28:17Z" finished-at="2017-02-02T18:29:44Z">
    <groups>
      <group name="ST1">
        <method signature="script_DESignIn.validLogin(java.util.Map)[pri:1, instance:Testscript.script_DESignIn@3aead8a8]" name="validLogin" class="Testscript.script_DESignIn"/>
      </group> <!-- ST1 -->
    </groups>
    <test name="Test" duration-ms="87716" started-at="2017-02-02T18:28:17Z" finished-at="2017-02-02T18:29:44Z">
      <class name="Testscript.script_Login">
        <test-method status="PASS" signature="create_Report()[pri:0, instance:Testscript.script_Login@44be902a]" name="create_Report" is-config="true" duration-ms="688" started-at="2017-02-02T23:58:16Z" finished-at="2017-02-02T23:58:17Z">
          <reporter-output>
          </reporter-output>
        </test-method> <!-- create_Report -->
      </class> <!-- Testscript.script_Login -->
      <class name="Testscript.script_DESignIn">
        <test-method status="PASS" signature="launchApp(java.lang.String)[pri:0, instance:Testscript.script_DESignIn@3aead8a8]" name="launchApp" is-config="true" duration-ms="22636" started-at="2017-02-02T23:58:20Z" finished-at="2017-02-02T23:58:43Z">
          <params>
            <param index="0">
              <value>
                <![CDATA[ch]]>
              </value>
            </param>
          </params>
          <reporter-output>
          </reporter-output>
        </test-method> <!-- launchApp -->
        <test-method status="PASS" signature="validLogin(java.util.Map)[pri:1, instance:Testscript.script_DESignIn@3aead8a8]" name="validLogin" duration-ms="20189" started-at="2017-02-02T23:58:43Z" data-provider="validlogin" finished-at="2017-02-02T23:59:03Z">
          <params>
            <param index="0">
              <value>
                <![CDATA[{Script=ValidLogin, pwd=Deloitte.1%, username=DSCYF_System_Admin@focusst.com, Order=1.0, SheetName=Sign_Keyword, exp_msg=Oscar Vaerby, Execute=Y, TC_ID=TC_02}]]>
              </value>
            </param>
          </params>
          <reporter-output>
          </reporter-output>
        </test-method> <!-- validLogin -->
        <test-method status="PASS" signature="cloaseApp()[pri:0, instance:Testscript.script_DESignIn@3aead8a8]" name="cloaseApp" is-config="true" duration-ms="1768" started-at="2017-02-02T23:59:03Z" finished-at="2017-02-02T23:59:05Z">
          <reporter-output>
          </reporter-output>
        </test-method> <!-- cloaseApp -->
        <test-method status="PASS" signature="launchApp(java.lang.String)[pri:0, instance:Testscript.script_DESignIn@3aead8a8]" name="launchApp" is-config="true" duration-ms="19071" started-at="2017-02-02T23:59:05Z" finished-at="2017-02-02T23:59:24Z">
          <params>
            <param index="0">
              <value>
                <![CDATA[ch]]>
              </value>
            </param>
          </params>
          <reporter-output>
          </reporter-output>
        </test-method> <!-- launchApp -->
        <test-method status="PASS" signature="validLogin(java.util.Map)[pri:1, instance:Testscript.script_DESignIn@3aead8a8]" name="validLogin" duration-ms="19787" started-at="2017-02-02T23:59:24Z" data-provider="validlogin" finished-at="2017-02-02T23:59:43Z">
          <params>
            <param index="0">
              <value>
                <![CDATA[{Script=ValidLogin, pwd=Deloitte.1%, username=DSCYF_System_Admin@focusst.com, Order=1.0, SheetName=Sign_Keyword, exp_msg=Oscar Vaerby, Execute=Y, TC_ID=TC_03}]]>
              </value>
            </param>
          </params>
          <reporter-output>
          </reporter-output>
        </test-method> <!-- validLogin -->
        <test-method status="PASS" signature="cloaseApp()[pri:0, instance:Testscript.script_DESignIn@3aead8a8]" name="cloaseApp" is-config="true" duration-ms="859" started-at="2017-02-02T23:59:43Z" finished-at="2017-02-02T23:59:44Z">
          <reporter-output>
          </reporter-output>
        </test-method> <!-- cloaseApp -->
      </class> <!-- Testscript.script_DESignIn -->
    </test> <!-- Test -->
  </suite> <!-- Suite -->
</testng-results>
