<?xml version="1.0" encoding="UTF-8"?>
<testng-results skipped="0" failed="0" total="1" passed="1">
  <reporter-output>
  </reporter-output>
  <suite name="Suite" duration-ms="110897" started-at="2017-01-03T10:31:29Z" finished-at="2017-01-03T10:33:20Z">
    <groups>
      <group name="ST">
        <method signature="script_CaseCreation.caseCreation(java.util.Map)[pri:2, instance:Testscript.script_CaseCreation@8e27724]" name="caseCreation" class="Testscript.script_CaseCreation"/>
        <method signature="script_PersonSearch.personSearch(java.util.Map)[pri:1, instance:Testscript.script_PersonSearch@c0e7403]" name="personSearch" class="Testscript.script_PersonSearch"/>
      </group> <!-- ST -->
    </groups>
    <test name="Test" duration-ms="110897" started-at="2017-01-03T10:31:29Z" finished-at="2017-01-03T10:33:20Z">
      <class name="Testscript.script_PersonSearch">
        <test-method status="PASS" signature="launchApp(java.lang.String)[pri:0, instance:Testscript.script_PersonSearch@c0e7403]" name="launchApp" is-config="true" duration-ms="31158" started-at="2017-01-03T16:01:33Z" finished-at="2017-01-03T16:02:04Z">
          <params>
            <param index="0">
              <value>
                <![CDATA[ch]]>
              </value>
            </param>
          </params>
          <reporter-output>
          </reporter-output>
        </test-method> <!-- launchApp -->
        <test-method status="PASS" signature="personSearch(java.util.Map)[pri:1, instance:Testscript.script_PersonSearch@c0e7403]" name="personSearch" duration-ms="74254" started-at="2017-01-03T16:02:04Z" data-provider="personSearch" finished-at="2017-01-03T16:03:19Z">
          <params>
            <param index="0">
              <value>
                <![CDATA[{Script=ValidSearch, pwd=Deloitte.1#, username=pnevill@focusst.com, PID=0000000388, DOB=, Gender=, Order=1.0, Expected=0000000388, FirstName=, Execute=Y, TC_ID=TC_02, LastName=Adam}]]>
              </value>
            </param>
          </params>
          <reporter-output>
          </reporter-output>
        </test-method> <!-- personSearch -->
        <test-method status="PASS" signature="cloaseApp()[pri:0, instance:Testscript.script_PersonSearch@c0e7403]" name="cloaseApp" is-config="true" duration-ms="1436" started-at="2017-01-03T16:03:19Z" finished-at="2017-01-03T16:03:20Z">
          <reporter-output>
          </reporter-output>
        </test-method> <!-- cloaseApp -->
      </class> <!-- Testscript.script_PersonSearch -->
      <class name="Testscript.script_Login">
        <test-method status="PASS" signature="create_Report()[pri:0, instance:Testscript.script_Login@35622eb]" name="create_Report" is-config="true" duration-ms="643" started-at="2017-01-03T16:01:29Z" finished-at="2017-01-03T16:01:29Z">
          <reporter-output>
          </reporter-output>
        </test-method> <!-- create_Report -->
      </class> <!-- Testscript.script_Login -->
    </test> <!-- Test -->
  </suite> <!-- Suite -->
</testng-results>
